time=2026-04-07T11:07:11.573+02:00 level=INFO msg="checking for pulumi" path="/Users/cristinagferreira/Library/Application Support/sst/bin/pulumi"
time=2026-04-07T11:07:12.600+02:00 level=INFO msg="checking for bun" path="/Users/cristinagferreira/Library/Application Support/sst/bin/bun"
time=2026-04-07T11:07:13.329+02:00 level=INFO msg="initializing project" version=4.6.10
time=2026-04-07T11:07:13.330+02:00 level=INFO msg="esbuild building" out=/Users/cristinagferreira/cursor/email-service/.sst/platform/sst.config.1775552833330.mjs
time=2026-04-07T11:07:13.340+02:00 level=INFO msg="esbuild built" outfile=/Users/cristinagferreira/cursor/email-service/.sst/platform/sst.config.1775552833330.mjs
time=2026-04-07T11:07:13.341+02:00 level=INFO msg="evaluating config"
time=2026-04-07T11:07:13.391+02:00 level=INFO msg="config evaluated"
time=2026-04-07T11:07:13.393+02:00 level=INFO msg="checking platform"
time=2026-04-07T11:07:13.393+02:00 level=INFO msg="loading home"
time=2026-04-07T11:07:13.395+02:00 level=INFO msg="aws credentials found" region=eu-west-1 profile=personal
time=2026-04-07T11:07:13.395+02:00 level=INFO msg="fetching bootstrap"
time=2026-04-07T11:07:13.603+02:00 level=INFO msg="found existing bootstrap" data="{\"version\":5,\"asset\":\"sst-asset-mcxfcxkfukku\",\"assetEcrRegistryId\":\"540175642752\",\"assetEcrUrl\":\"540175642752.dkr.ecr.eu-west-1.amazonaws.com/sst-asset\",\"state\":\"sst-state-mcxfcxkfukku\",\"appsyncHttp\":\"\",\"appsyncRealtime\":\"\"}"
time=2026-04-07T11:07:13.603+02:00 level=INFO msg="loaded config" app=email-service stage=cristinagferreira
time=2026-04-07T11:07:13.603+02:00 level=INFO msg="initializing ui" isTTY=true
time=2026-04-07T11:07:13.603+02:00 level=INFO msg="server port assigned" port=13557
time=2026-04-07T11:07:13.603+02:00 level=INFO msg="running stack command" service=project.run cmd=deploy
time=2026-04-07T11:07:13.603+02:00 level=INFO msg=starting service=server
time=2026-04-07T11:07:13.604+02:00 level=INFO msg="INFO locking app=email-service stage=cristinagferreira"
time=2026-04-07T11:07:13.604+02:00 level=INFO msg="INFO getting data key=lock app=email-service stage=cristinagferreira"
time=2026-04-07T11:07:13.604+02:00 level=INFO msg=server service=server addr=0.0.0.0:13557
time=2026-04-07T11:07:13.604+02:00 level=INFO msg="server ready to accept connections" service=server
time=2026-04-07T11:07:14.079+02:00 level=INFO msg="INFO putting update app=email-service stage=cristinagferreira"
time=2026-04-07T11:07:14.268+02:00 level=INFO msg="INFO getting passphrase app=email-service stage=cristinagferreira"
time=2026-04-07T11:07:14.483+02:00 level=INFO msg="INFO pulling state app=email-service stage=cristinagferreira out=/Users/cristinagferreira/cursor/email-service/.sst/pulumi/fe6298cdd7bbab69b79e4ff2/.pulumi/stacks/email-service/cristinagferreira.json"
time=2026-04-07T11:07:15.020+02:00 level=INFO msg="got previous deployment" service=project.run updateID=fe6298cdd7bbab69b79e4ff2
time=2026-04-07T11:07:15.020+02:00 level=INFO msg="esbuild building" out=/Users/cristinagferreira/cursor/email-service/.sst/platform/sst.config.1775552834482.mjs
time=2026-04-07T11:07:15.066+02:00 level=INFO msg="esbuild built" outfile=/Users/cristinagferreira/cursor/email-service/.sst/platform/sst.config.1775552834482.mjs
time=2026-04-07T11:07:15.073+02:00 level=INFO msg="built sst.config.ts" service=project.run updateID=fe6298cdd7bbab69b79e4ff2 to=/Users/cristinagferreira/cursor/email-service/.sst/platform/sst.config.1775552834482.mjs
time=2026-04-07T11:07:15.077+02:00 level=INFO msg="tracked files" service=project.run updateID=fe6298cdd7bbab69b79e4ff2
time=2026-04-07T11:07:15.077+02:00 level=INFO msg="INFO getting data key=secret app=email-service stage=cristinagferreira"
time=2026-04-07T11:07:15.077+02:00 level=INFO msg="INFO getting data key=secret app=email-service stage=_fallback"
time=2026-04-07T11:07:15.663+02:00 level=INFO msg="starting pulumi" service=project.run updateID=fe6298cdd7bbab69b79e4ff2 args="[/Users/cristinagferreira/Library/Application Support/sst/bin/pulumi up --yes -f --stack organization/email-service/cristinagferreira --non-interactive --event-log /Users/cristinagferreira/cursor/email-service/.sst/pulumi/fe6298cdd7bbab69b79e4ff2/eventlog.json --config aws:defaultTags={\"tags\":{\"sst:app\":\"email-service\",\"sst:stage\":\"cristinagferreira\"}} --config aws:region=eu-west-1]"
time=2026-04-07T11:07:20.665+02:00 level=INFO msg="INFO pushing partial state updateID=fe6298cdd7bbab69b79e4ff2"
time=2026-04-07T11:07:34.944+02:00 level=INFO msg="rpc request" method=POST url=/rpc
time=2026-04-07T11:07:34.962+02:00 level=INFO msg="rpc request" method=POST url=/rpc
time=2026-04-07T11:07:34.963+02:00 level=INFO msg="rpc request" method=POST url=/rpc
time=2026-04-07T11:07:34.964+02:00 level=INFO msg="rpc request" method=POST url=/rpc
time=2026-04-07T11:07:34.964+02:00 level=INFO msg="building function" runtime=nodejs24.x functionID=EmailApiRouteTmskrbHandler
time=2026-04-07T11:07:34.964+02:00 level=INFO msg="building function" runtime=nodejs24.x functionID=EmailQueueSubscriberMwrdsvFunction
time=2026-04-07T11:07:34.968+02:00 level=INFO msg="loader info" service=runtime.node functionID=EmailApiRouteTmskrbHandler loader=map[]
time=2026-04-07T11:07:34.968+02:00 level=INFO msg="loader info" service=runtime.node functionID=EmailQueueSubscriberMwrdsvFunction loader=map[]
time=2026-04-07T11:07:34.969+02:00 level=INFO msg="running esbuild" service=runtime.node functionID=EmailQueueSubscriberMwrdsvFunction
time=2026-04-07T11:07:34.969+02:00 level=INFO msg="running esbuild" service=runtime.node functionID=EmailApiRouteTmskrbHandler
time=2026-04-07T11:07:35.209+02:00 level=INFO msg="esbuild finished" service=runtime.node functionID=EmailQueueSubscriberMwrdsvFunction
time=2026-04-07T11:07:35.213+02:00 level=INFO msg="esbuild finished" service=runtime.node functionID=EmailApiRouteTmskrbHandler
time=2026-04-07T11:07:35.216+02:00 level=INFO msg="function built" runtime=nodejs24.x functionID=EmailQueueSubscriberMwrdsvFunction
time=2026-04-07T11:07:35.219+02:00 level=INFO msg="function built" runtime=nodejs24.x functionID=EmailApiRouteTmskrbHandler
time=2026-04-07T11:07:35.307+02:00 level=INFO msg="rpc request" method=POST url=/rpc
time=2026-04-07T11:07:35.377+02:00 level=INFO msg="rpc request" method=POST url=/rpc
time=2026-04-07T11:07:35.493+02:00 level=INFO msg="INFO pushing partial state updateID=fe6298cdd7bbab69b79e4ff2"
time=2026-04-07T11:07:41.437+02:00 level=INFO msg="INFO pushing partial state updateID=fe6298cdd7bbab69b79e4ff2"
time=2026-04-07T11:07:41.444+02:00 level=INFO msg="pulumi exited" service=project.run updateID=fe6298cdd7bbab69b79e4ff2 err=<nil>
time=2026-04-07T11:07:41.444+02:00 level=INFO msg="eof and exited" service=project.run updateID=fe6298cdd7bbab69b79e4ff2 eofs=0
time=2026-04-07T11:07:41.444+02:00 level=INFO msg="eof and exited" service=project.run updateID=fe6298cdd7bbab69b79e4ff2 eofs=1
time=2026-04-07T11:07:41.445+02:00 level=INFO msg="breaking out of tail loop" service=project.run updateID=fe6298cdd7bbab69b79e4ff2
time=2026-04-07T11:07:41.445+02:00 level=INFO msg="parsing state" service=project.run updateID=fe6298cdd7bbab69b79e4ff2
time=2026-04-07T11:07:41.601+02:00 level=INFO msg="generating types" root=/Users/cristinagferreira/cursor/email-service
time=2026-04-07T11:07:41.603+02:00 level=INFO msg="canceling partial" service=project.run updateID=fe6298cdd7bbab69b79e4ff2
time=2026-04-07T11:07:41.603+02:00 level=INFO msg="waiting for partial to exit" service=project.run updateID=fe6298cdd7bbab69b79e4ff2
time=2026-04-07T11:07:42.012+02:00 level=INFO msg="INFO pushing snapshot updateID=fe6298cdd7bbab69b79e4ff2"
time=2026-04-07T11:07:42.012+02:00 level=INFO msg="INFO pushing eventlog updateID=fe6298cdd7bbab69b79e4ff2"
time=2026-04-07T11:07:44.241+02:00 level=INFO msg="INFO putting update app=email-service stage=cristinagferreira"
time=2026-04-07T11:07:44.444+02:00 level=INFO msg="done running stack command" service=project.run updateID=fe6298cdd7bbab69b79e4ff2 resources=40
time=2026-04-07T11:07:44.448+02:00 level=INFO msg="INFO unlocking app=email-service stage=cristinagferreira"
time=2026-04-07T11:07:45.030+02:00 level=INFO msg="shutting down server" service=server
time=2026-04-07T11:07:45.035+02:00 level=INFO msg="server done" service=server
